+p 1 8.167559 0.002136 0.001137
+p 1 8.298835 0.002176 0.001138
+p 1 8.079718 0.002108 0.001138
+p 1 8.275313 0.002169 0.001137
+p 1 8.072528 0.002107 0.001137
+p 1 8.074735 0.002107 0.001138
+p 1 8.088941 0.002112 0.001137
+p 1 8.626260 0.002244 0.001247
+p 1 8.662833 0.002291 0.001136
+p 1 8.298016 0.002178 0.001135
+p 2 4.373288 0.002191 0.001140
+p 2 4.420216 0.002091 0.001140
+p 2 4.969640 0.002245 0.001134
+p 2 4.593298 0.002285 0.001236
+p 2 4.432298 0.002105 0.001139
+p 2 4.414667 0.002312 0.001146
+p 2 4.222165 0.002085 0.001137
+p 2 4.392745 0.002085 0.001145
+p 2 4.378683 0.002195 0.001138
+p 2 4.376030 0.002084 0.001145
+p 6 2.166485 0.002523 0.001268
+p 6 2.139581 0.002434 0.001286
+p 6 2.149328 0.002473 0.001285
+p 6 2.151276 0.002505 0.001280
+p 6 2.171905 0.002405 0.001276
+p 6 2.153415 0.002503 0.001284
+p 6 2.171284 0.002534 0.001286
+p 6 2.084066 0.002411 0.001283
+p 6 2.243010 0.002430 0.001289
+p 6 2.277013 0.002673 0.001297
+p 12 1.478542 0.002786 0.001417
+p 12 1.875893 0.003013 0.001408
+p 12 1.842809 0.002683 0.001383
+p 12 1.470921 0.003019 0.001443
+p 12 2.002759 0.002991 0.001385
+p 12 1.783493 0.002909 0.001407
+p 12 1.795153 0.004372 0.002405
+p 12 1.414970 0.002666 0.001402
+p 12 1.716172 0.002643 0.001381
+p 12 1.666909 0.002767 0.001376
+p 24 1.518002 0.004185 0.002626
+p 24 1.351998 0.004511 0.002789
+p 24 1.298023 0.004314 0.002412
+p 24 1.507000 0.004370 0.003932
+p 24 1.426002 0.004093 0.001861
+p 24 1.521002 0.003970 0.002639
+p 24 1.420999 0.005011 0.002199
+p 24 1.396005 0.004584 0.002394
+p 24 1.363025 0.004372 0.002080
+p 24 1.359995 0.004614 0.002328
