+p 1 535.067739 0.148183
+p 1 536.206378 0.148457
+p 1 562.520745 0.156724
+p 1 573.527192 0.159072
+p 1 576.371678 0.161047
+p 1 543.924119 0.150958
+p 1 536.497785 0.148604
+p 1 540.031425 0.149818
+p 1 536.236350 0.148652
+p 1 538.607346 0.149357
+p 2 295.570439 0.164104
+p 2 298.147497 0.165392
+p 2 277.226712 0.153594
+p 2 275.187222 0.152353
+p 2 296.576561 0.147849
+p 2 274.487122 0.151947
+p 2 297.302408 0.148250
+p 2 300.295804 0.150374
+p 2 300.583206 0.164825
+p 2 276.482688 0.153014
+p 4 156.328134 0.173171
+p 4 154.009790 0.171122
+p 4 155.235330 0.173604
+p 4 155.301871 0.173619
+p 4 156.882951 0.167616
+p 4 153.122008 0.170464
+p 4 156.448061 0.166218
+p 4 157.495224 0.165406
+p 4 156.642926 0.165079
+p 4 154.683763 0.167938
+p 8 83.875277 0.182975
+p 8 84.599763 0.182095
+p 8 84.805508 0.183559
+p 8 84.638206 0.182261
+p 8 85.940483 0.185705
+p 8 84.106839 0.182394
+p 8 84.823119 0.181805
+p 8 85.329633 0.184804
+p 8 84.196077 0.182641
+p 8 85.370035 0.183092
+p 16 74.490034 0.188996
+p 16 75.156070 0.316042
+p 16 75.602203 0.308552
+p 16 75.229912 0.319754
+p 16 75.165464 0.316432
+p 16 75.511715 0.314365
+p 16 75.415787 0.312792
+p 16 75.083384 0.218697
+p 16 74.438517 0.243738
+p 16 75.888882 0.280953
+p 23 86.159990 0.328316
+p 23 85.976995 0.333123
+p 23 90.060997 0.303343
+p 23 82.720989 0.332818
+p 23 80.806998 0.325350
+p 23 88.729006 0.342998
+p 23 91.527944 0.333244
+p 23 82.693993 0.324453
+p 23 83.150993 0.321317
+p 23 88.801984 0.324734
