+p 1 13.833303 0.003605 0.001829
+p 1 13.833205 0.003605 0.001829
+p 1 13.828240 0.003604 0.001827
+p 1 13.828041 0.003604 0.001828
+p 1 13.828290 0.003604 0.001828
+p 1 13.830372 0.003605 0.001828
+p 1 13.836886 0.003607 0.001829
+p 1 13.828892 0.003604 0.001828
+p 1 13.827814 0.003604 0.001827
+p 1 13.829931 0.003605 0.001827
+p 2 14.471998 0.007187 0.003676
+p 2 14.444000 0.007193 0.003672
+p 2 14.436001 0.007205 0.003664
+p 2 14.360001 0.007211 0.003659
+p 2 14.452001 0.007210 0.003689
+p 2 14.479977 0.007200 0.003588
+p 2 14.416001 0.007244 0.003686
+p 2 14.464000 0.007198 0.003678
+p 2 14.487288 0.007207 0.003655
+p 2 14.484002 0.007212 0.003652
+p 4 15.212004 0.014402 0.007402
+p 4 15.280003 0.014383 0.007455
+p 4 15.356003 0.014395 0.007331
+p 4 15.288002 0.014390 0.007259
+p 4 15.363999 0.014407 0.007420
+p 4 15.451999 0.014466 0.007276
+p 4 15.191995 0.014428 0.007242
+p 4 15.379996 0.014451 0.007350
+p 4 15.215996 0.014455 0.007547
+p 4 15.112002 0.014489 0.007226
+p 8 18.020001 0.028652 0.015023
+p 8 18.115999 0.028814 0.014082
+p 8 20.004000 0.028916 0.015150
+p 8 18.187994 0.028931 0.015078
+p 8 18.892001 0.028445 0.014261
+p 8 18.364008 0.028717 0.014902
+p 8 18.243999 0.028810 0.015500
+p 8 18.352000 0.028581 0.015049
+p 8 18.000000 0.028786 0.015728
+p 8 18.263995 0.028821 0.015465
+p 16 23.799992 0.054546 0.028413
+p 16 24.188000 0.056339 0.030166
+p 16 23.324001 0.054174 0.027529
+p 16 23.692000 0.053787 0.028588
+p 16 23.792002 0.054933 0.027487
+p 16 24.500000 0.056936 0.028111
+p 16 23.187998 0.056541 0.029283
+p 16 25.060000 0.055801 0.026802
+p 16 23.212000 0.053235 0.027696
+p 16 22.927998 0.055078 0.024798
