+p 1 2.543113 0.000430 0.000262
+p 1 2.539603 0.000430 0.000262
+p 1 2.544252 0.000430 0.000261
+p 1 2.542460 0.000430 0.000262
+p 1 2.539816 0.000430 0.000262
+p 1 2.542086 0.000430 0.000262
+p 1 2.541083 0.000430 0.000262
+p 1 2.541553 0.000430 0.000262
+p 1 2.541682 0.000430 0.000262
+p 1 2.542150 0.000430 0.000262
+p 2 3.100000 0.000887 0.000580
+p 2 3.172006 0.000841 0.000551
+p 2 3.152000 0.000885 0.000554
+p 2 3.176000 0.000849 0.000461
+p 2 3.151994 0.000857 0.000508
+p 2 3.180033 0.000861 0.000554
+p 2 3.256001 0.000836 0.000480
+p 2 3.114670 0.000876 0.000551
+p 2 3.272004 0.000847 0.000529
+p 2 3.120002 0.000861 0.000468
+p 4 3.824000 0.001610 0.001261
+p 4 4.172000 0.001593 0.001046
+p 4 3.960014 0.001612 0.000810
+p 4 3.960001 0.001701 0.000937
+p 4 3.908024 0.001652 0.000915
+p 4 4.024005 0.001668 0.001142
+p 4 3.927999 0.001641 0.001013
+p 4 3.816002 0.001653 0.000919
+p 4 3.907995 0.001571 0.001165
+p 4 4.171999 0.001679 0.001256
+p 8 7.000003 0.003492 0.002132
+p 8 6.899994 0.002854 0.002139
+p 8 6.443994 0.003276 0.002305
+p 8 7.035992 0.002702 0.001939
+p 8 6.759999 0.003505 0.001480
+p 8 7.243996 0.003127 0.001975
+p 8 7.220000 0.003096 0.002422
+p 8 7.107994 0.003022 0.002651
+p 8 7.144000 0.003199 0.001859
+p 8 7.092000 0.003363 0.001909
+p 16 11.891995 0.005482 0.003723
+p 16 13.731999 0.006117 0.005427
+p 16 12.859325 0.006055 0.002966
+p 16 13.828005 0.007308 0.004898
+p 16 11.887998 0.005854 0.004060
+p 16 13.091996 0.005286 0.004356
+p 16 13.052000 0.005551 0.005370
+p 16 13.088000 0.004661 0.002670
+p 16 13.724000 0.005127 0.005146
+p 16 12.780001 0.005929 0.001776
