+p 1 13.794340 0.002263
+p 1 55.183128 0.015267
+p 1 13.235421 0.002257
+p 1 13.108627 0.002219
+p 1 13.585871 0.002250
+p 1 13.570696 0.002177
+p 1 13.614668 0.002182
+p 1 13.352533 0.002190
+p 1 13.255012 0.002263
+p 1 13.227250 0.002260
+p 2 5.571976 0.001338
+p 2 7.838494 0.002649
+p 2 6.044311 0.001489
+p 2 5.610692 0.001376
+p 2 5.478915 0.001337
+p 2 7.671244 0.002472
+p 2 5.054281 0.001207
+p 2 5.172150 0.001290
+p 2 7.479574 0.002535
+p 2 5.453927 0.001470
+p 4 3.517972 0.001700
+p 4 3.576861 0.002081
+p 4 3.326729 0.001476
+p 4 3.491695 0.002109
+p 4 3.479368 0.001560
+p 4 3.365891 0.001676
+p 4 3.437748 0.001606
+p 4 3.699101 0.001538
+p 4 3.359187 0.001821
+p 4 3.294680 0.001715
+p 8 2.504570 0.003083
+p 8 2.412834 0.002942
+p 8 2.369459 0.003076
+p 8 2.320339 0.003242
+p 8 2.301585 0.003323
+p 8 2.630115 0.002794
+p 8 2.509719 0.003221
+p 8 2.339128 0.003102
+p 8 2.323623 0.003018
+p 8 2.466491 0.002873
+p 16 2.341901 0.006459
+p 16 2.399254 0.006105
+p 16 2.317201 0.006269
+p 16 2.364562 0.006175
+p 16 2.411148 0.006416
+p 16 2.488122 0.006466
+p 16 2.438663 0.006384
+p 16 2.354243 0.005750
+p 16 2.436903 0.006483
+p 16 2.334015 0.006440
+p 23 2.887991 0.006946
+p 23 2.703997 0.007365
+p 23 2.770991 0.008032
+p 23 2.666991 0.008073
+p 23 3.007996 0.007742
+p 23 2.959986 0.008015
+p 23 2.889996 0.008271
+p 23 3.134990 0.008221
+p 23 2.908994 0.007245
+p 23 2.906990 0.007368
