+p 1 68.200885 0.003093
+p 1 67.982741 0.003003
+p 1 68.176261 0.002955
+p 1 67.769073 0.002950
+p 1 67.837647 0.002994
+p 1 67.695769 0.002961
+p 1 72.163748 0.003044
+p 1 67.816313 0.003005
+p 1 71.510994 0.003460
+p 1 67.894214 0.003048
+p 2 39.601434 0.004558
+p 2 39.770828 0.005065
+p 2 37.499273 0.003773
+p 2 35.823375 0.003884
+p 2 35.453301 0.003456
+p 2 39.533174 0.005070
+p 2 39.475519 0.005010
+p 2 37.570592 0.003782
+p 2 35.376755 0.003618
+p 2 38.742223 0.004566
+p 4 23.159021 0.007471
+p 4 24.165121 0.008055
+p 4 22.904668 0.006821
+p 4 22.914693 0.007806
+p 4 22.507595 0.006804
+p 4 23.254220 0.007388
+p 4 23.350998 0.007031
+p 4 23.157406 0.006360
+p 4 22.924322 0.006385
+p 4 23.341358 0.006245
+p 8 16.158699 0.017792
+p 8 15.689462 0.011739
+p 8 16.070929 0.017539
+p 8 16.059830 0.015081
+p 8 15.949619 0.017469
+p 8 15.762108 0.015464
+p 8 16.740459 0.018122
+p 8 15.859859 0.016762
+p 8 16.188390 0.014735
+p 8 16.829761 0.017405
+p 16 14.509181 0.031116
+p 16 14.928300 0.031998
+p 16 14.633740 0.031290
+p 16 14.799314 0.031835
+p 16 14.715657 0.031941
+p 16 14.702511 0.032152
+p 16 14.777515 0.030923
+p 16 14.711570 0.033472
+p 16 15.016789 0.034255
+p 16 15.462406 0.032769
+p 23 16.380556 0.040661
+p 23 16.474995 0.040835
+p 23 16.782760 0.039814
+p 23 16.708998 0.038570
+p 23 15.624991 0.037217
+p 23 16.698990 0.041333
+p 23 16.891995 0.041702
+p 23 17.049011 0.035909
+p 23 16.485001 0.038881
+p 23 18.077039 0.044847
