+p 1 1.153833 0.000147 0.000194
+p 1 1.137056 0.000142 0.000194
+p 1 1.058268 0.000129 0.000140
+p 1 1.062255 0.000128 0.000141
+p 1 1.141921 0.000142 0.000197
+p 1 1.068082 0.000128 0.000141
+p 1 1.136317 0.000141 0.000194
+p 1 1.059532 0.000140 0.000194
+p 1 1.131842 0.000141 0.000194
+p 1 1.153622 0.000142 0.000194
+p 2 1.031493 0.000279 0.000320
+p 2 0.983490 0.000253 0.000244
+p 2 0.967071 0.000269 0.000297
+p 2 0.964328 0.000283 0.000293
+p 2 0.983182 0.000270 0.000300
+p 2 0.919837 0.000279 0.000303
+p 2 0.914129 0.000278 0.000297
+p 2 0.972718 0.000275 0.000289
+p 2 0.926539 0.000281 0.000298
+p 2 0.921943 0.000277 0.000297
+p 6 0.985157 0.000759 0.000584
+p 6 0.954104 0.000620 0.000535
+p 6 1.020527 0.000773 0.000553
+p 6 0.973548 0.000695 0.000593
+p 6 0.976208 0.000653 0.000529
+p 6 0.967922 0.000681 0.000543
+p 6 0.952672 0.000694 0.000543
+p 6 0.989572 0.000648 0.000536
+p 6 0.952691 0.000611 0.000497
+p 6 0.964461 0.000737 0.000618
+p 12 0.972124 0.001541 0.001194
+p 12 0.873674 0.001140 0.000904
+p 12 0.923306 0.001536 0.001142
+p 12 0.962624 0.001432 0.001056
+p 12 0.954455 0.001568 0.001030
+p 12 1.003624 0.001538 0.001181
+p 12 0.908058 0.001274 0.001043
+p 12 0.986328 0.001397 0.001136
+p 12 1.066398 0.001754 0.001209
+p 12 0.895283 0.001393 0.000950
+p 24 1.152013 0.002696 0.003079
+p 24 1.207997 0.002877 0.002988
+p 24 1.243064 0.003112 0.003670
+p 24 1.186026 0.003005 0.003838
+p 24 1.285994 0.002763 0.002380
+p 24 1.228020 0.002988 0.002350
+p 24 1.175011 0.003805 0.003454
+p 24 1.187999 0.003260 0.003079
+p 24 1.203998 0.002573 0.002754
+p 24 1.116000 0.002968 0.002779
