+p 1 58.950470 0.016857 0.004194
+p 1 59.047778 0.016895 0.004182
+p 1 59.789470 0.017115 0.004184
+p 1 59.371808 0.016992 0.004179
+p 1 60.484781 0.017337 0.004189
+p 1 65.826897 0.018852 0.004624
+p 1 58.835784 0.016830 0.004180
+p 1 59.065065 0.016900 0.004181
+p 1 59.013511 0.016883 0.004184
+p 1 59.422253 0.017008 0.004187
+p 2 29.569442 0.016803 0.004201
+p 2 29.612042 0.016903 0.004184
+p 2 29.709454 0.016789 0.004179
+p 2 29.876685 0.017010 0.004180
+p 2 29.539089 0.016841 0.004184
+p 2 32.748893 0.018704 0.004599
+p 2 29.605144 0.016862 0.004179
+p 2 29.446359 0.016779 0.004186
+p 2 29.758044 0.016925 0.004175
+p 2 29.660625 0.016764 0.004176
+p 6 15.352230 0.019783 0.004882
+p 6 15.333779 0.019714 0.004790
+p 6 15.208823 0.019590 0.004910
+p 6 15.518840 0.018678 0.004620
+p 6 15.399093 0.019560 0.004726
+p 6 14.965996 0.019292 0.004761
+p 6 15.312115 0.019729 0.004896
+p 6 15.035799 0.019304 0.004771
+p 6 15.014451 0.019342 0.004754
+p 6 15.269461 0.019699 0.004775
+p 12 11.896017 0.021098 0.005078
+p 12 9.937511 0.020716 0.005085
+p 12 13.193091 0.021019 0.005073
+p 12 12.929946 0.034926 0.009327
+p 12 9.940529 0.020863 0.005068
+p 12 11.878898 0.020683 0.005072
+p 12 13.839587 0.020881 0.005122
+p 12 16.783712 0.020782 0.005079
+p 12 12.860815 0.021216 0.005007
+p 12 13.794257 0.029770 0.005075
+p 24 8.851003 0.035144 0.009302
+p 24 8.584989 0.035212 0.011603
+p 24 9.019990 0.039149 0.009293
+p 24 8.742988 0.037796 0.008751
+p 24 8.448993 0.037927 0.009195
+p 24 8.439005 0.037521 0.009357
+p 24 8.534995 0.036397 0.009444
+p 24 9.262992 0.035246 0.009720
+p 24 8.304999 0.037928 0.009383
+p 24 8.103985 0.037121 0.009307
