+p 1 60.220761 0.016834
+p 1 60.406997 0.016889
+p 1 60.139775 0.016810
+p 1 66.717402 0.018665
+p 1 61.085151 0.017101
+p 1 60.155881 0.016838
+p 1 60.112992 0.016817
+p 1 60.640531 0.016985
+p 1 60.938131 0.017070
+p 1 61.163222 0.017139
+p 2 33.567401 0.018789
+p 2 33.272718 0.018591
+p 2 33.724025 0.018878
+p 2 33.154197 0.018518
+p 2 34.127014 0.016943
+p 2 31.764420 0.017796
+p 2 30.300719 0.016817
+p 2 30.534886 0.016922
+p 2 33.541321 0.016815
+p 2 33.231957 0.016820
+p 4 17.044150 0.018693
+p 4 17.465075 0.018691
+p 4 17.390787 0.018515
+p 4 17.735436 0.019066
+p 4 17.507896 0.018580
+p 4 17.480519 0.018712
+p 4 17.336839 0.018666
+p 4 17.527265 0.019709
+p 4 17.338318 0.019247
+p 4 17.359594 0.019174
+p 8 9.226561 0.019878
+p 8 9.199910 0.020191
+p 8 9.537822 0.021000
+p 8 9.295624 0.020112
+p 8 9.233000 0.020261
+p 8 9.644585 0.020728
+p 8 9.376409 0.019957
+p 8 9.509615 0.020644
+p 8 9.519252 0.020731
+p 8 9.466131 0.020720
+p 16 8.407633 0.034880
+p 16 8.482146 0.034813
+p 16 8.469403 0.020718
+p 16 8.398025 0.020533
+p 16 8.401945 0.020960
+p 16 8.411196 0.031071
+p 16 8.438366 0.034559
+p 16 8.445294 0.020667
+p 16 8.495387 0.035490
+p 16 8.478777 0.034855
+p 23 9.844000 0.040260
+p 23 10.294992 0.037680
+p 23 10.416990 0.036750
+p 23 9.983993 0.034623
+p 23 9.550007 0.035132
+p 23 9.925139 0.038583
+p 23 10.601992 0.036578
+p 23 9.513998 0.035016
+p 23 10.273989 0.036517
+p 23 10.718035 0.034611
