+p 1 1.619951 0.000134 0.000141
+p 1 1.685513 0.000143 0.000196
+p 1 1.628085 0.000141 0.000194
+p 1 1.608547 0.000141 0.000198
+p 1 1.636887 0.000142 0.000195
+p 1 1.594284 0.000141 0.000194
+p 1 1.620666 0.000128 0.000139
+p 1 1.664808 0.000145 0.000196
+p 1 1.634626 0.000143 0.000195
+p 1 1.608132 0.000143 0.000197
+p 2 1.173790 0.000268 0.000290
+p 2 1.191997 0.000252 0.000292
+p 2 1.166497 0.000269 0.000289
+p 2 1.169022 0.000267 0.000287
+p 2 1.208481 0.000228 0.000209
+p 2 1.173267 0.000235 0.000240
+p 2 1.174682 0.000267 0.000290
+p 2 1.212050 0.000238 0.000257
+p 2 1.225023 0.000264 0.000293
+p 2 1.167295 0.000268 0.000291
+p 6 1.018547 0.000665 0.000492
+p 6 1.017908 0.000620 0.000507
+p 6 1.100566 0.000644 0.000441
+p 6 1.033074 0.000612 0.000483
+p 6 1.058384 0.000638 0.000515
+p 6 1.061524 0.000643 0.000534
+p 6 1.011862 0.000641 0.000464
+p 6 1.030870 0.000666 0.000491
+p 6 1.038533 0.000632 0.000544
+p 6 1.008360 0.000628 0.000514
+p 12 1.019970 0.001664 0.000893
+p 12 0.921873 0.001494 0.000867
+p 12 0.979021 0.001299 0.000899
+p 12 0.932821 0.001265 0.000768
+p 12 0.981711 0.001492 0.000869
+p 12 0.974420 0.001652 0.000921
+p 12 0.978264 0.001406 0.000864
+p 12 0.996572 0.001621 0.000787
+p 12 0.956438 0.001552 0.001156
+p 12 0.960497 0.001443 0.000774
+p 24 1.238990 0.003091 0.002104
+p 24 1.193990 0.003296 0.002877
+p 24 1.174994 0.002554 0.002747
+p 24 1.116982 0.003304 0.002568
+p 24 1.214988 0.002425 0.002484
+p 24 1.247014 0.003163 0.002413
+p 24 1.217991 0.003452 0.002829
+p 24 1.251997 0.002985 0.001910
+p 24 1.174010 0.003203 0.002638
+p 24 1.254009 0.002881 0.002240
